This is pdfTeX, Version 3.14159265-2.6-1.40.15 (TeX Live 2014) (preloaded format=pdflatex 2015.2.18)  7 JUN 2015 22:31
entering extended mode
 restricted \write18 enabled.
 file:line:error style messages enabled.
 %&-line parsing enabled.
**coverpage.tex
(./coverpage.tex
LaTeX2e <2014/05/01>
Babel <3.9k> and hyphenation patterns for 78 languages loaded.

./coverpage.tex:37: LaTeX Error: Missing \begin{document}.

See the LaTeX manual or LaTeX Companion for explanation.
Type  H <return>  for immediate help.
 ...                                              
                                                  
l.37 \titlePage
               
? 
./coverpage.tex:37: Emergency stop.
 ...                                              
                                                  
l.37 \titlePage
               
You're in trouble here.  Try typing  <return>  to proceed.
If that doesn't work, type  X <return>  to quit.

 
Here is how much of TeX's memory you used:
 20 strings out of 493117
 416 string characters out of 6135433
 52909 words of memory out of 5000000
 3582 multiletter control sequences out of 15000+600000
 3640 words of font info for 14 fonts, out of 8000000 for 9000
 1141 hyphenation exceptions out of 8191
 10i,0n,6p,96b,22s stack positions out of 5000i,500n,10000p,200000b,80000s
./coverpage.tex:37:  ==> Fatal error occurred, no output PDF file produced!
